Arguments: 
  /Users/hushaoqiang/.nvm/versions/node/v11.15.0/bin/node /usr/local/bin/yarn add @types/dayjs

PATH: 
  /Users/hushaoqiang/.nvm/versions/node/v11.15.0/bin:/usr/local/bin:/usr/bin:/bin:/usr/sbin:/sbin:/Users/hushaoqiang/miniconda3/bin:/Users/hushaoqiang/miniconda3/condabin:/Users/hushaoqiang/.nvm/versions/node/v11.15.0/bin:/Users/hushaoqiang/Library/Android/sdk/tools:/Users/hushaoqiang/Library/Android/sdk/tools/bin:/Users/hushaoqiang/Library/Android/sdk/platform-tools:/Users/hushaoqiang/Library/Android/sdk/emulator:/Users/hushaoqiang/Library/Android/sdk/tools:/Users/hushaoqiang/Library/Android/sdk/tools/bin:/Users/hushaoqiang/Library/Android/sdk/platform-tools:/Users/hushaoqiang/Library/Android/sdk/emulator

Yarn version: 
  1.13.0

Node version: 
  11.15.0

Platform: 
  darwin x64

Trace: 
  Error: https://registry.npm.taobao.org/@types%2fdayjs: Not found
      at Request.params.callback [as _callback] (/usr/local/lib/node_modules/yarn/lib/cli.js:66255:18)
      at Request.self.callback (/usr/local/lib/node_modules/yarn/lib/cli.js:129397:22)
      at Request.emit (events.js:193:13)
      at Request.<anonymous> (/usr/local/lib/node_modules/yarn/lib/cli.js:130369:10)
      at Request.emit (events.js:193:13)
      at IncomingMessage.<anonymous> (/usr/local/lib/node_modules/yarn/lib/cli.js:130291:12)
      at Object.onceWrapper (events.js:281:20)
      at IncomingMessage.emit (events.js:198:15)
      at endReadableNT (_stream_readable.js:1139:12)
      at processTicksAndRejections (internal/process/task_queues.js:81:17)

npm manifest: 
  {
    "name": "translate",
    "version": "1.0.0",
    "description": "this is translate app",
    "main": "index.js",
    "author": "bryanhu",
    "license": "MIT",
    "scripts": {
      "dev": "ts-node main.ts"
    },
    "dependencies": {
      "@types/fs-extra": "^8.0.0",
      "@types/lodash": "^4.14.136",
      "@types/node": "^12.6.8",
      "@types/prettier": "^1.18.0",
      "dayjs": "^1.8.15",
      "fs-extra": "^8.1.0",
      "lodash": "^4.17.15",
      "prettier": "^1.18.2",
      "ts-node": "^8.3.0",
      "tslint": "^5.18.0",
      "tslint-config-airbnb": "^5.11.1",
      "tslint-config-prettier": "^1.18.0",
      "typescript": "^3.5.3",
      "xlsx": "^0.14.4"
    }
  }

yarn manifest: 
  No manifest

Lockfile: 
  # THIS IS AN AUTOGENERATED FILE. DO NOT EDIT THIS FILE DIRECTLY.
  # yarn lockfile v1
  
  
  "@babel/code-frame@^7.0.0":
    version "7.5.5"
    resolved "https://registry.npm.taobao.org/@babel/code-frame/download/@babel/code-frame-7.5.5.tgz?cache=0&other_urls=https%3A%2F%2Fregistry.npm.taobao.org%2F%40babel%2Fcode-frame%2Fdownload%2F%40babel%2Fcode-frame-7.5.5.tgz#bc0782f6d69f7b7d49531219699b988f669a8f9d"
    integrity sha1-vAeC9tafe31JUxIZaZuYj2aaj50=
    dependencies:
      "@babel/highlight" "^7.0.0"
  
  "@babel/highlight@^7.0.0":
    version "7.5.0"
    resolved "https://registry.npm.taobao.org/@babel/highlight/download/@babel/highlight-7.5.0.tgz#56d11312bd9248fa619591d02472be6e8cb32540"
    integrity sha1-VtETEr2SSPphlZHQJHK+boyzJUA=
    dependencies:
      chalk "^2.0.0"
      esutils "^2.0.2"
      js-tokens "^4.0.0"
  
  "@fimbul/bifrost@^0.17.0":
    version "0.17.0"
    resolved "https://registry.npm.taobao.org/@fimbul/bifrost/download/@fimbul/bifrost-0.17.0.tgz#f0383ba7e40992e3193dc87e2ddfde2ad62a9cf4"
    integrity sha1-8Dg7p+QJkuMZPch+Ld/eKtYqnPQ=
    dependencies:
      "@fimbul/ymir" "^0.17.0"
      get-caller-file "^2.0.0"
      tslib "^1.8.1"
      tsutils "^3.5.0"
  
  "@fimbul/ymir@^0.17.0":
    version "0.17.0"
    resolved "https://registry.npm.taobao.org/@fimbul/ymir/download/@fimbul/ymir-0.17.0.tgz#4f28389b9f804d1cd202e11983af1743488b7815"
    integrity sha1-Tyg4m5+ATRzSAuEZg68XQ0iLeBU=
    dependencies:
      inversify "^5.0.0"
      reflect-metadata "^0.1.12"
      tslib "^1.8.1"
  
  "@types/fs-extra@^8.0.0":
    version "8.0.0"
    resolved "https://registry.npm.taobao.org/@types/fs-extra/download/@types/fs-extra-8.0.0.tgz#d3e2c313ca29f95059f198dd60d1f774642d4b25"
    integrity sha1-0+LDE8op+VBZ8ZjdYNH3dGQtSyU=
    dependencies:
      "@types/node" "*"
  
  "@types/lodash@^4.14.136":
    version "4.14.136"
    resolved "https://registry.npm.taobao.org/@types/lodash/download/@types/lodash-4.14.136.tgz?cache=0&other_urls=https%3A%2F%2Fregistry.npm.taobao.org%2F%40types%2Flodash%2Fdownload%2F%40types%2Flodash-4.14.136.tgz#413e85089046b865d960c9ff1d400e04c31ab60f"
    integrity sha1-QT6FCJBGuGXZYMn/HUAOBMMatg8=
  
  "@types/node@*", "@types/node@^12.6.8":
    version "12.6.8"
    resolved "https://registry.npm.taobao.org/@types/node/download/@types/node-12.6.8.tgz?cache=0&other_urls=https%3A%2F%2Fregistry.npm.taobao.org%2F%40types%2Fnode%2Fdownload%2F%40types%2Fnode-12.6.8.tgz#e469b4bf9d1c9832aee4907ba8a051494357c12c"
    integrity sha1-5Gm0v50cmDKu5JB7qKBRSUNXwSw=
  
  "@types/prettier@^1.18.0":
    version "1.18.0"
    resolved "https://registry.npm.taobao.org/@types/prettier/download/@types/prettier-1.18.0.tgz#d2dbe4d5f76b455138f13a2d881278e2c06a733d"
    integrity sha1-0tvk1fdrRVE48TotiBJ44sBqcz0=
  
  adler-32@~1.2.0:
    version "1.2.0"
    resolved "https://registry.npm.taobao.org/adler-32/download/adler-32-1.2.0.tgz#6a3e6bf0a63900ba15652808cb15c6813d1a5f25"
    integrity sha1-aj5r8KY5ALoVZSgIyxXGgT0aXyU=
    dependencies:
      exit-on-epipe "~1.0.1"
      printj "~1.1.0"
  
  ansi-styles@^3.2.1:
    version "3.2.1"
    resolved "https://registry.npm.taobao.org/ansi-styles/download/ansi-styles-3.2.1.tgz#41fbb20243e50b12be0f04b8dedbf07520ce841d"
    integrity sha1-QfuyAkPlCxK+DwS43tvwdSDOhB0=
    dependencies:
      color-convert "^1.9.0"
  
  arg@^4.1.0:
    version "4.1.1"
    resolved "https://registry.npm.taobao.org/arg/download/arg-4.1.1.tgz#485f8e7c390ce4c5f78257dbea80d4be11feda4c"
    integrity sha1-SF+OfDkM5MX3glfb6oDUvhH+2kw=
  
  argparse@^1.0.7:
    version "1.0.10"
    resolved "https://registry.npm.taobao.org/argparse/download/argparse-1.0.10.tgz#bcd6791ea5ae09725e17e5ad988134cd40b3d911"
    integrity sha1-vNZ5HqWuCXJeF+WtmIE0zUCz2RE=
    dependencies:
      sprintf-js "~1.0.2"
  
  balanced-match@^1.0.0:
    version "1.0.0"
    resolved "https://registry.npm.taobao.org/balanced-match/download/balanced-match-1.0.0.tgz#89b4d199ab2bee49de164ea02b89ce462d71b767"
    integrity sha1-ibTRmasr7kneFk6gK4nORi1xt2c=
  
  brace-expansion@^1.1.7:
    version "1.1.11"
    resolved "https://registry.npm.taobao.org/brace-expansion/download/brace-expansion-1.1.11.tgz#3c7fcbf529d87226f3d2f52b966ff5271eb441dd"
    integrity sha1-PH/L9SnYcibz0vUrlm/1Jx60Qd0=
    dependencies:
      balanced-match "^1.0.0"
      concat-map "0.0.1"
  
  buffer-from@^1.0.0:
    version "1.1.1"
    resolved "https://registry.npm.taobao.org/buffer-from/download/buffer-from-1.1.1.tgz#32713bc028f75c02fdb710d7c7bcec1f2c6070ef"
    integrity sha1-MnE7wCj3XAL9txDXx7zsHyxgcO8=
  
  builtin-modules@^1.1.1:
    version "1.1.1"
    resolved "https://registry.npm.taobao.org/builtin-modules/download/builtin-modules-1.1.1.tgz#270f076c5a72c02f5b65a47df94c5fe3a278892f"
    integrity sha1-Jw8HbFpywC9bZaR9+Uxf46J4iS8=
  
  cfb@^1.1.2:
    version "1.1.2"
    resolved "https://registry.npm.taobao.org/cfb/download/cfb-1.1.2.tgz#5dfff9813eb37757597272dae3da3b37b3edcc44"
    integrity sha1-Xf/5gT6zd1dZcnLa49o7N7PtzEQ=
    dependencies:
      adler-32 "~1.2.0"
      commander "^2.16.0"
      crc-32 "~1.2.0"
      printj "~1.1.2"
  
  chalk@^2.0.0, chalk@^2.3.0:
    version "2.4.2"
    resolved "https://registry.npm.taobao.org/chalk/download/chalk-2.4.2.tgz#cd42541677a54333cf541a49108c1432b44c9424"
    integrity sha1-zUJUFnelQzPPVBpJEIwUMrRMlCQ=
    dependencies:
      ansi-styles "^3.2.1"
      escape-string-regexp "^1.0.5"
      supports-color "^5.3.0"
  
  codepage@~1.14.0:
    version "1.14.0"
    resolved "https://registry.npm.taobao.org/codepage/download/codepage-1.14.0.tgz#8cbe25481323559d7d307571b0fff91e7a1d2f99"
    integrity sha1-jL4lSBMjVZ19MHVxsP/5HnodL5k=
    dependencies:
      commander "~2.14.1"
      exit-on-epipe "~1.0.1"
  
  color-convert@^1.9.0:
    version "1.9.3"
    resolved "https://registry.npm.taobao.org/color-convert/download/color-convert-1.9.3.tgz#bb71850690e1f136567de629d2d5471deda4c1e8"
    integrity sha1-u3GFBpDh8TZWfeYp0tVHHe2kweg=
    dependencies:
      color-name "1.1.3"
  
  color-name@1.1.3:
    version "1.1.3"
    resolved "https://registry.npm.taobao.org/color-name/download/color-name-1.1.3.tgz#a7d0558bd89c42f795dd42328f740831ca53bc25"
    integrity sha1-p9BVi9icQveV3UIyj3QIMcpTvCU=
  
  commander@^2.12.1, commander@^2.16.0:
    version "2.20.0"
    resolved "https://registry.npm.taobao.org/commander/download/commander-2.20.0.tgz#d58bb2b5c1ee8f87b0d340027e9e94e222c5a422"
    integrity sha1-1YuytcHuj4ew00ACfp6U4iLFpCI=
  
  commander@~2.14.1:
    version "2.14.1"
    resolved "https://registry.npm.taobao.org/commander/download/commander-2.14.1.tgz#2235123e37af8ca3c65df45b026dbd357b01b9aa"
    integrity sha1-IjUSPjevjKPGXfRbAm29NXsBuao=
  
  commander@~2.17.1:
    version "2.17.1"
    resolved "https://registry.npm.taobao.org/commander/download/commander-2.17.1.tgz#bd77ab7de6de94205ceacc72f1716d29f20a77bf"
    integrity sha1-vXerfebelCBc6sxy8XFtKfIKd78=
  
  concat-map@0.0.1:
    version "0.0.1"
    resolved "https://registry.npm.taobao.org/concat-map/download/concat-map-0.0.1.tgz#d8a96bd77fd68df7793a73036a3ba0d5405d477b"
    integrity sha1-2Klr13/Wjfd5OnMDajug1UBdR3s=
  
  crc-32@~1.2.0:
    version "1.2.0"
    resolved "https://registry.npm.taobao.org/crc-32/download/crc-32-1.2.0.tgz#cb2db6e29b88508e32d9dd0ec1693e7b41a18208"
    integrity sha1-yy224puIUI4y2d0OwWk+e0Ghggg=
    dependencies:
      exit-on-epipe "~1.0.1"
      printj "~1.1.0"
  
  dayjs@^1.8.15:
    version "1.8.15"
    resolved "https://registry.npm.taobao.org/dayjs/download/dayjs-1.8.15.tgz#7121bc04e6a7f2621ed6db566be4a8aaf8c3913e"
    integrity sha1-cSG8BOan8mIe1ttWa+SoqvjDkT4=
  
  diff@^3.2.0:
    version "3.5.0"
    resolved "https://registry.npm.taobao.org/diff/download/diff-3.5.0.tgz#800c0dd1e0a8bfbc95835c202ad220fe317e5a12"
    integrity sha1-gAwN0eCov7yVg1wgKtIg/jF+WhI=
  
  diff@^4.0.1:
    version "4.0.1"
    resolved "https://registry.npm.taobao.org/diff/download/diff-4.0.1.tgz#0c667cb467ebbb5cea7f14f135cc2dba7780a8ff"
    integrity sha1-DGZ8tGfru1zqfxTxNcwtuneAqP8=
  
  doctrine@0.7.2:
    version "0.7.2"
    resolved "https://registry.npm.taobao.org/doctrine/download/doctrine-0.7.2.tgz#7cb860359ba3be90e040b26b729ce4bfa654c523"
    integrity sha1-fLhgNZujvpDgQLJrcpzkv6ZUxSM=
    dependencies:
      esutils "^1.1.6"
      isarray "0.0.1"
  
  escape-string-regexp@^1.0.5:
    version "1.0.5"
    resolved "https://registry.npm.taobao.org/escape-string-regexp/download/escape-string-regexp-1.0.5.tgz#1b61c0562190a8dff6ae3bb2cf0200ca130b86d4"
    integrity sha1-G2HAViGQqN/2rjuyzwIAyhMLhtQ=
  
  esprima@^4.0.0:
    version "4.0.1"
    resolved "https://registry.npm.taobao.org/esprima/download/esprima-4.0.1.tgz?cache=0&other_urls=https%3A%2F%2Fregistry.npm.taobao.org%2Fesprima%2Fdownload%2Fesprima-4.0.1.tgz#13b04cdb3e6c5d19df91ab6987a8695619b0aa71"
    integrity sha1-E7BM2z5sXRnfkatph6hpVhmwqnE=
  
  esutils@^1.1.6:
    version "1.1.6"
    resolved "https://registry.npm.taobao.org/esutils/download/esutils-1.1.6.tgz#c01ccaa9ae4b897c6d0c3e210ae52f3c7a844375"
    integrity sha1-wBzKqa5LiXxtDD4hCuUvPHqEQ3U=
  
  esutils@^2.0.2:
    version "2.0.2"
    resolved "https://registry.npm.taobao.org/esutils/download/esutils-2.0.2.tgz#0abf4f1caa5bcb1f7a9d8acc6dea4faaa04bac9b"
    integrity sha1-Cr9PHKpbyx96nYrMbepPqqBLrJs=
  
  exit-on-epipe@~1.0.1:
    version "1.0.1"
    resolved "https://registry.npm.taobao.org/exit-on-epipe/download/exit-on-epipe-1.0.1.tgz#0bdd92e87d5285d267daa8171d0eb06159689692"
    integrity sha1-C92S6H1ShdJn2qgXHQ6wYVlolpI=
  
  frac@~1.1.2:
    version "1.1.2"
    resolved "https://registry.npm.taobao.org/frac/download/frac-1.1.2.tgz#3d74f7f6478c88a1b5020306d747dc6313c74d0b"
    integrity sha1-PXT39keMiKG1AgMG10fcYxPHTQs=
  
  fs-extra@^8.1.0:
    version "8.1.0"
    resolved "https://registry.npm.taobao.org/fs-extra/download/fs-extra-8.1.0.tgz#49d43c45a88cd9677668cb7be1b46efdb8d2e1c0"
    integrity sha1-SdQ8RaiM2Wd2aMt74bRu/bjS4cA=
    dependencies:
      graceful-fs "^4.2.0"
      jsonfile "^4.0.0"
      universalify "^0.1.0"
  
  fs.realpath@^1.0.0:
    version "1.0.0"
    resolved "https://registry.npm.taobao.org/fs.realpath/download/fs.realpath-1.0.0.tgz#1504ad2523158caa40db4a2787cb01411994ea4f"
    integrity sha1-FQStJSMVjKpA20onh8sBQRmU6k8=
  
  get-caller-file@^2.0.0:
    version "2.0.5"
    resolved "https://registry.npm.taobao.org/get-caller-file/download/get-caller-file-2.0.5.tgz?cache=0&other_urls=https%3A%2F%2Fregistry.npm.taobao.org%2Fget-caller-file%2Fdownload%2Fget-caller-file-2.0.5.tgz#4f94412a82db32f36e3b0b9741f8a97feb031f7e"
    integrity sha1-T5RBKoLbMvNuOwuXQfipf+sDH34=
  
  glob@^7.1.1:
    version "7.1.4"
    resolved "https://registry.npm.taobao.org/glob/download/glob-7.1.4.tgz#aa608a2f6c577ad357e1ae5a5c26d9a8d1969255"
    integrity sha1-qmCKL2xXetNX4a5aXCbZqNGWklU=
    dependencies:
      fs.realpath "^1.0.0"
      inflight "^1.0.4"
      inherits "2"
      minimatch "^3.0.4"
      once "^1.3.0"
      path-is-absolute "^1.0.0"
  
  graceful-fs@^4.1.6, graceful-fs@^4.2.0:
    version "4.2.0"
    resolved "https://registry.npm.taobao.org/graceful-fs/download/graceful-fs-4.2.0.tgz#8d8fdc73977cb04104721cb53666c1ca64cd328b"
    integrity sha1-jY/cc5d8sEEEchy1NmbBymTNMos=
  
  has-flag@^3.0.0:
    version "3.0.0"
    resolved "https://registry.npm.taobao.org/has-flag/download/has-flag-3.0.0.tgz#b5d454dc2199ae225699f3467e5a07f3b955bafd"
    integrity sha1-tdRU3CGZriJWmfNGfloH87lVuv0=
  
  inflight@^1.0.4:
    version "1.0.6"
    resolved "https://registry.npm.taobao.org/inflight/download/inflight-1.0.6.tgz#49bd6331d7d02d0c09bc910a1075ba8165b56df9"
    integrity sha1-Sb1jMdfQLQwJvJEKEHW6gWW1bfk=
    dependencies:
      once "^1.3.0"
      wrappy "1"
  
  inherits@2:
    version "2.0.4"
    resolved "https://registry.npm.taobao.org/inherits/download/inherits-2.0.4.tgz#0fa2c64f932917c3433a0ded55363aae37416b7c"
    integrity sha1-D6LGT5MpF8NDOg3tVTY6rjdBa3w=
  
  inversify@^5.0.0:
    version "5.0.1"
    resolved "https://registry.npm.taobao.org/inversify/download/inversify-5.0.1.tgz#500d709b1434896ce5a0d58915c4a4210e34fb6e"
    integrity sha1-UA1wmxQ0iWzloNWJFcSkIQ40+24=
  
  isarray@0.0.1:
    version "0.0.1"
    resolved "https://registry.npm.taobao.org/isarray/download/isarray-0.0.1.tgz#8a18acfca9a8f4177e09abfc6038939b05d1eedf"
    integrity sha1-ihis/Kmo9Bd+Cav8YDiTmwXR7t8=
  
  js-tokens@^4.0.0:
    version "4.0.0"
    resolved "https://registry.npm.taobao.org/js-tokens/download/js-tokens-4.0.0.tgz#19203fb59991df98e3a287050d4647cdeaf32499"
    integrity sha1-GSA/tZmR35jjoocFDUZHzerzJJk=
  
  js-yaml@^3.13.1:
    version "3.13.1"
    resolved "https://registry.npm.taobao.org/js-yaml/download/js-yaml-3.13.1.tgz#aff151b30bfdfa8e49e05da22e7415e9dfa37847"
    integrity sha1-r/FRswv9+o5J4F2iLnQV6d+jeEc=
    dependencies:
      argparse "^1.0.7"
      esprima "^4.0.0"
  
  jsonfile@^4.0.0:
    version "4.0.0"
    resolved "https://registry.npm.taobao.org/jsonfile/download/jsonfile-4.0.0.tgz#8771aae0799b64076b76640fca058f9c10e33ecb"
    integrity sha1-h3Gq4HmbZAdrdmQPygWPnBDjPss=
    optionalDependencies:
      graceful-fs "^4.1.6"
  
  lodash@^4.17.15:
    version "4.17.15"
    resolved "https://registry.npm.taobao.org/lodash/download/lodash-4.17.15.tgz#b447f6670a0455bbfeedd11392eff330ea097548"
    integrity sha1-tEf2ZwoEVbv+7dETku/zMOoJdUg=
  
  make-error@^1.1.1:
    version "1.3.5"
    resolved "https://registry.npm.taobao.org/make-error/download/make-error-1.3.5.tgz#efe4e81f6db28cadd605c70f29c831b58ef776c8"
    integrity sha1-7+ToH22yjK3WBccPKcgxtY73dsg=
  
  minimatch@^3.0.4:
    version "3.0.4"
    resolved "https://registry.npm.taobao.org/minimatch/download/minimatch-3.0.4.tgz#5166e286457f03306064be5497e8dbb0c3d32083"
    integrity sha1-UWbihkV/AzBgZL5Ul+jbsMPTIIM=
    dependencies:
      brace-expansion "^1.1.7"
  
  minimist@0.0.8:
    version "0.0.8"
    resolved "https://registry.npm.taobao.org/minimist/download/minimist-0.0.8.tgz#857fcabfc3397d2625b8228262e86aa7a011b05d"
    integrity sha1-hX/Kv8M5fSYluCKCYuhqp6ARsF0=
  
  mkdirp@^0.5.1:
    version "0.5.1"
    resolved "https://registry.npm.taobao.org/mkdirp/download/mkdirp-0.5.1.tgz#30057438eac6cf7f8c4767f38648d6697d75c903"
    integrity sha1-MAV0OOrGz3+MR2fzhkjWaX11yQM=
    dependencies:
      minimist "0.0.8"
  
  once@^1.3.0:
    version "1.4.0"
    resolved "https://registry.npm.taobao.org/once/download/once-1.4.0.tgz#583b1aa775961d4b113ac17d9c50baef9dd76bd1"
    integrity sha1-WDsap3WWHUsROsF9nFC6753Xa9E=
    dependencies:
      wrappy "1"
  
  path-is-absolute@^1.0.0:
    version "1.0.1"
    resolved "https://registry.npm.taobao.org/path-is-absolute/download/path-is-absolute-1.0.1.tgz#174b9268735534ffbc7ace6bf53a5a9e1b5c5f5f"
    integrity sha1-F0uSaHNVNP+8es5r9TpanhtcX18=
  
  path-parse@^1.0.6:
    version "1.0.6"
    resolved "https://registry.npm.taobao.org/path-parse/download/path-parse-1.0.6.tgz#d62dbb5679405d72c4737ec58600e9ddcf06d24c"
    integrity sha1-1i27VnlAXXLEc37FhgDp3c8G0kw=
  
  prettier@^1.18.2:
    version "1.18.2"
    resolved "https://registry.npm.taobao.org/prettier/download/prettier-1.18.2.tgz#6823e7c5900017b4bd3acf46fe9ac4b4d7bda9ea"
    integrity sha1-aCPnxZAAF7S9Os9G/prEtNe9qeo=
  
  printj@~1.1.0, printj@~1.1.2:
    version "1.1.2"
    resolved "https://registry.npm.taobao.org/printj/download/printj-1.1.2.tgz#d90deb2975a8b9f600fb3a1c94e3f4c53c78a222"
    integrity sha1-2Q3rKXWoufYA+zoclOP0xTx4oiI=
  
  reflect-metadata@^0.1.12:
    version "0.1.13"
    resolved "https://registry.npm.taobao.org/reflect-metadata/download/reflect-metadata-0.1.13.tgz#67ae3ca57c972a2aa1642b10fe363fe32d49dc08"
    integrity sha1-Z648pXyXKiqhZCsQ/jY/4y1J3Ag=
  
  resolve@^1.3.2:
    version "1.11.1"
    resolved "https://registry.npm.taobao.org/resolve/download/resolve-1.11.1.tgz#ea10d8110376982fef578df8fc30b9ac30a07a3e"
    integrity sha1-6hDYEQN2mC/vV434/DC5rDCgej4=
    dependencies:
      path-parse "^1.0.6"
  
  semver@^5.3.0:
    version "5.7.0"
    resolved "https://registry.npm.taobao.org/semver/download/semver-5.7.0.tgz?cache=0&sync_timestamp=1563909942159&other_urls=https%3A%2F%2Fregistry.npm.taobao.org%2Fsemver%2Fdownload%2Fsemver-5.7.0.tgz#790a7cf6fea5459bac96110b29b60412dc8ff96b"
    integrity sha1-eQp89v6lRZuslhELKbYEEtyP+Ws=
  
  source-map-support@^0.5.6:
    version "0.5.12"
    resolved "https://registry.npm.taobao.org/source-map-support/download/source-map-support-0.5.12.tgz#b4f3b10d51857a5af0138d3ce8003b201613d599"
    integrity sha1-tPOxDVGFelrwE4086AA7IBYT1Zk=
    dependencies:
      buffer-from "^1.0.0"
      source-map "^0.6.0"
  
  source-map@^0.6.0:
    version "0.6.1"
    resolved "https://registry.npm.taobao.org/source-map/download/source-map-0.6.1.tgz#74722af32e9614e9c287a8d0bbde48b5e2f1a263"
    integrity sha1-dHIq8y6WFOnCh6jQu95IteLxomM=
  
  sprintf-js@~1.0.2:
    version "1.0.3"
    resolved "https://registry.npm.taobao.org/sprintf-js/download/sprintf-js-1.0.3.tgz#04e6926f662895354f3dd015203633b857297e2c"
    integrity sha1-BOaSb2YolTVPPdAVIDYzuFcpfiw=
  
  ssf@~0.10.2:
    version "0.10.2"
    resolved "https://registry.npm.taobao.org/ssf/download/ssf-0.10.2.tgz#65b2b4fcdfd967bc8e8383a41349009893115976"
    integrity sha1-ZbK0/N/ZZ7yOg4OkE0kAmJMRWXY=
    dependencies:
      frac "~1.1.2"
  
  supports-color@^5.3.0:
    version "5.5.0"
    resolved "https://registry.npm.taobao.org/supports-color/download/supports-color-5.5.0.tgz?cache=0&other_urls=https%3A%2F%2Fregistry.npm.taobao.org%2Fsupports-color%2Fdownload%2Fsupports-color-5.5.0.tgz#e2e69a44ac8772f78a1ec0b35b689df6530efc8f"
    integrity sha1-4uaaRKyHcveKHsCzW2id9lMO/I8=
    dependencies:
      has-flag "^3.0.0"
  
  ts-node@^8.3.0:
    version "8.3.0"
    resolved "https://registry.npm.taobao.org/ts-node/download/ts-node-8.3.0.tgz#e4059618411371924a1fb5f3b125915f324efb57"
    integrity sha1-5AWWGEETcZJKH7XzsSWRXzJO+1c=
    dependencies:
      arg "^4.1.0"
      diff "^4.0.1"
      make-error "^1.1.1"
      source-map-support "^0.5.6"
      yn "^3.0.0"
  
  tslib@1.9.0:
    version "1.9.0"
    resolved "https://registry.npm.taobao.org/tslib/download/tslib-1.9.0.tgz#e37a86fda8cbbaf23a057f473c9f4dc64e5fc2e8"
    integrity sha1-43qG/ajLuvI6BX9HPJ9Nxk5fwug=
  
  tslib@^1.7.1, tslib@^1.8.0, tslib@^1.8.1:
    version "1.10.0"
    resolved "https://registry.npm.taobao.org/tslib/download/tslib-1.10.0.tgz#c3c19f95973fb0a62973fb09d90d961ee43e5c8a"
    integrity sha1-w8GflZc/sKYpc/sJ2Q2WHuQ+XIo=
  
  tslint-config-airbnb@^5.11.1:
    version "5.11.1"
    resolved "https://registry.npm.taobao.org/tslint-config-airbnb/download/tslint-config-airbnb-5.11.1.tgz#51a27fbb8bf24c144d064a274a71da47e7ece617"
    integrity sha1-UaJ/u4vyTBRNBkonSnHaR+fs5hc=
    dependencies:
      tslint-consistent-codestyle "^1.14.1"
      tslint-eslint-rules "^5.4.0"
      tslint-microsoft-contrib "~5.2.1"
  
  tslint-config-prettier@^1.18.0:
    version "1.18.0"
    resolved "https://registry.npm.taobao.org/tslint-config-prettier/download/tslint-config-prettier-1.18.0.tgz#75f140bde947d35d8f0d238e0ebf809d64592c37"
    integrity sha1-dfFAvelH012PDSOODr+AnWRZLDc=
  
  tslint-consistent-codestyle@^1.14.1:
    version "1.15.1"
    resolved "https://registry.npm.taobao.org/tslint-consistent-codestyle/download/tslint-consistent-codestyle-1.15.1.tgz#a0c5cd5a5860d40b659c490d8013c5732e02af8c"
    integrity sha1-oMXNWlhg1AtlnEkNgBPFcy4Cr4w=
    dependencies:
      "@fimbul/bifrost" "^0.17.0"
      tslib "^1.7.1"
      tsutils "^2.29.0"
  
  tslint-eslint-rules@^5.4.0:
    version "5.4.0"
    resolved "https://registry.npm.taobao.org/tslint-eslint-rules/download/tslint-eslint-rules-5.4.0.tgz#e488cc9181bf193fe5cd7bfca213a7695f1737b5"
    integrity sha1-5IjMkYG/GT/lzXv8ohOnaV8XN7U=
    dependencies:
      doctrine "0.7.2"
      tslib "1.9.0"
      tsutils "^3.0.0"
  
  tslint-microsoft-contrib@~5.2.1:
    version "5.2.1"
    resolved "https://registry.npm.taobao.org/tslint-microsoft-contrib/download/tslint-microsoft-contrib-5.2.1.tgz#a6286839f800e2591d041ea2800c77487844ad81"
    integrity sha1-pihoOfgA4lkdBB6igAx3SHhErYE=
    dependencies:
      tsutils "^2.27.2 <2.29.0"
  
  tslint@^5.18.0:
    version "5.18.0"
    resolved "https://registry.npm.taobao.org/tslint/download/tslint-5.18.0.tgz?cache=0&other_urls=https%3A%2F%2Fregistry.npm.taobao.org%2Ftslint%2Fdownload%2Ftslint-5.18.0.tgz#f61a6ddcf372344ac5e41708095bbf043a147ac6"
    integrity sha1-9hpt3PNyNErF5BcICVu/BDoUesY=
    dependencies:
      "@babel/code-frame" "^7.0.0"
      builtin-modules "^1.1.1"
      chalk "^2.3.0"
      commander "^2.12.1"
      diff "^3.2.0"
      glob "^7.1.1"
      js-yaml "^3.13.1"
      minimatch "^3.0.4"
      mkdirp "^0.5.1"
      resolve "^1.3.2"
      semver "^5.3.0"
      tslib "^1.8.0"
      tsutils "^2.29.0"
  
  "tsutils@^2.27.2 <2.29.0":
    version "2.28.0"
    resolved "https://registry.npm.taobao.org/tsutils/download/tsutils-2.28.0.tgz#6bd71e160828f9d019b6f4e844742228f85169a1"
    integrity sha1-a9ceFggo+dAZtvToRHQiKPhRaaE=
    dependencies:
      tslib "^1.8.1"
  
  tsutils@^2.29.0:
    version "2.29.0"
    resolved "https://registry.npm.taobao.org/tsutils/download/tsutils-2.29.0.tgz#32b488501467acbedd4b85498673a0812aca0b99"
    integrity sha1-MrSIUBRnrL7dS4VJhnOggSrKC5k=
    dependencies:
      tslib "^1.8.1"
  
  tsutils@^3.0.0, tsutils@^3.5.0:
    version "3.14.0"
    resolved "https://registry.npm.taobao.org/tsutils/download/tsutils-3.14.0.tgz#bf8d5a7bae5369331fa0f2b0a5a10bd7f7396c77"
    integrity sha1-v41ae65TaTMfoPKwpaEL1/c5bHc=
    dependencies:
      tslib "^1.8.1"
  
  typescript@^3.5.3:
    version "3.5.3"
    resolved "https://registry.npm.taobao.org/typescript/download/typescript-3.5.3.tgz#c830f657f93f1ea846819e929092f5fe5983e977"
    integrity sha1-yDD2V/k/HqhGgZ6SkJL1/lmD6Xc=
  
  universalify@^0.1.0:
    version "0.1.2"
    resolved "https://registry.npm.taobao.org/universalify/download/universalify-0.1.2.tgz#b646f69be3942dabcecc9d6639c80dc105efaa66"
    integrity sha1-tkb2m+OULavOzJ1mOcgNwQXvqmY=
  
  wrappy@1:
    version "1.0.2"
    resolved "https://registry.npm.taobao.org/wrappy/download/wrappy-1.0.2.tgz#b5243d8f3ec1aa35f1364605bc0d1036e30ab69f"
    integrity sha1-tSQ9jz7BqjXxNkYFvA0QNuMKtp8=
  
  xlsx@^0.14.4:
    version "0.14.4"
    resolved "https://registry.npm.taobao.org/xlsx/download/xlsx-0.14.4.tgz#7c2ccfce81d56282df55d0cea76722ef83986c02"
    integrity sha1-fCzPzoHVYoLfVdDOp2ci74OYbAI=
    dependencies:
      adler-32 "~1.2.0"
      cfb "^1.1.2"
      codepage "~1.14.0"
      commander "~2.17.1"
      crc-32 "~1.2.0"
      exit-on-epipe "~1.0.1"
      ssf "~0.10.2"
  
  yn@^3.0.0:
    version "3.1.0"
    resolved "https://registry.npm.taobao.org/yn/download/yn-3.1.0.tgz#fcbe2db63610361afcc5eb9e0ac91e976d046114"
    integrity sha1-/L4ttjYQNhr8xeueCskel20EYRQ=
